<?xml version="1.0" encoding="UTF-8"?>
<!-- Generated by org.testng.reporters.JUnitReportReporter -->
<testsuite skipped="0" hostname="DESKTOP-GQM23CJ" name="com.bs.Runner.BigSmallRunner" tests="11" failures="0" timestamp="2021-11-22T15:36:57 IST" time="131.334" errors="0">
  <testcase name="driver" time="8.555" classname="com.bs.Runner.BigSmallRunner"/>
  <testcase name="openwebsite" time="4.813" classname="com.bs.Runner.BigSmallRunner"/>
  <testcase name="login" time="33.648" classname="com.bs.Runner.BigSmallRunner"/>
  <testcase name="createaccount" time="13.657" classname="com.bs.Runner.BigSmallRunner"/>
  <testcase name="corporategifts" time="9.920" classname="com.bs.Runner.BigSmallRunner"/>
  <testcase name="personalizedgifts" time="19.301" classname="com.bs.Runner.BigSmallRunner"/>
  <testcase name="wishlist" time="7.714" classname="com.bs.Runner.BigSmallRunner"/>
  <testcase name="giftcard" time="7.307" classname="com.bs.Runner.BigSmallRunner"/>
  <testcase name="subscribe" time="3.253" classname="com.bs.Runner.BigSmallRunner"/>
  <testcase name="aboutus" time="7.111" classname="com.bs.Runner.BigSmallRunner"/>
  <testcase name="searchprods" time="16.055" classname="com.bs.Runner.BigSmallRunner"/>
</testsuite> <!-- com.bs.Runner.BigSmallRunner -->
